<?xml version="1.0" encoding="UTF-8"?>
<testng-results skipped="0" failed="0" ignored="0" total="4" passed="4">
  <reporter-output>
  </reporter-output>
  <suite name="mysuite" duration-ms="94" started-at="2019-12-28T04:15:00Z" finished-at="2019-12-28T04:15:00Z">
    <groups>
    </groups>
    <test name="myTest" duration-ms="94" started-at="2019-12-28T04:15:00Z" finished-at="2019-12-28T04:15:00Z">
      <class name="testng.Example3">
        <test-method status="PASS" signature="deleteLocation()[pri:0, instance:testng.Example3@1f13d6e]" name="deleteLocation" duration-ms="5" started-at="2019-12-28T09:45:00Z" finished-at="2019-12-28T09:45:00Z">
          <reporter-output>
          </reporter-output>
        </test-method> <!-- deleteLocation -->
        <test-method status="PASS" signature="editLocation()[pri:0, instance:testng.Example3@1f13d6e]" name="editLocation" duration-ms="3" started-at="2019-12-28T09:45:00Z" finished-at="2019-12-28T09:45:00Z">
          <reporter-output>
          </reporter-output>
        </test-method> <!-- editLocation -->
      </class> <!-- testng.Example3 -->
      <class name="testng.Example2">
        <test-method status="PASS" signature="addLocation()[pri:0, instance:testng.Example2@1d7a715]" name="addLocation" duration-ms="19" started-at="2019-12-28T09:45:00Z" finished-at="2019-12-28T09:45:00Z">
          <reporter-output>
          </reporter-output>
        </test-method> <!-- addLocation -->
        <test-method status="PASS" signature="deleteEmp()[pri:0, instance:testng.Example2@1d7a715]" name="deleteEmp" duration-ms="2" started-at="2019-12-28T09:45:00Z" finished-at="2019-12-28T09:45:00Z">
          <reporter-output>
          </reporter-output>
        </test-method> <!-- deleteEmp -->
      </class> <!-- testng.Example2 -->
    </test> <!-- myTest -->
  </suite> <!-- mysuite -->
</testng-results>
