<?xml version="1.0" encoding="UTF-8"?>
<!-- Generated by org.testng.reporters.JUnitXMLReporter -->
<testsuite hostname="classroom-PC" ignored="0" name="myTest" tests="4" failures="0" timestamp="28 Dec 2019 04:15:00 GMT" time="0.094" errors="0">
  <testcase name="addLocation" time="0.019" classname="testng.Example2"/>
  <testcase name="deleteEmp" time="0.002" classname="testng.Example2"/>
  <testcase name="deleteLocation" time="0.005" classname="testng.Example3"/>
  <testcase name="editLocation" time="0.003" classname="testng.Example3"/>
</testsuite> <!-- myTest -->
